<?xml version="1.0" encoding="UTF-8"?>
<!-- Generated by org.testng.reporters.JUnitReportReporter -->
<testsuite skipped="0" hostname="DESKTOP-1JBSV59" name="com.assignment.pageobjectmodel.tests.LoginTest" tests="1" failures="0" timestamp="2020-07-20T10:43:59 IST" time="7.587" errors="0">
  <testcase name="login" time="7.587" classname="com.assignment.pageobjectmodel.tests.LoginTest"/>
  <system-out/>
</testsuite> <!-- com.assignment.pageobjectmodel.tests.LoginTest -->
