<?xml version="1.0" encoding="UTF-8"?>
<!-- Generated by org.testng.reporters.JUnitReportReporter -->
<testsuite skipped="0" hostname="DESKTOP-1JBSV59" name="com.assignment.pageobjectmodel.tests.SignupTest" tests="1" failures="0" timestamp="2020-07-20T13:47:42 IST" time="23.928" errors="0">
  <testcase name="signup" time="23.928" classname="com.assignment.pageobjectmodel.tests.SignupTest"/>
  <system-out/>
</testsuite> <!-- com.assignment.pageobjectmodel.tests.SignupTest -->
